2020-10-19 10:18:35.257  INFO [users-ws,,,] 20672 --- [restartedMain] c.s.a.users.SmrcUserServiceApplication   : No active profile set, falling back to default profiles: default
2020-10-19 10:18:36.755  INFO [users-ws,,,] 20672 --- [restartedMain] .s.d.r.c.RepositoryConfigurationDelegate : Bootstrapping Spring Data JPA repositories in DEFERRED mode.
2020-10-19 10:18:36.864  INFO [users-ws,,,] 20672 --- [restartedMain] .s.d.r.c.RepositoryConfigurationDelegate : Finished Spring Data repository scanning in 100ms. Found 1 JPA repository interfaces.
2020-10-19 10:18:37.233  INFO [users-ws,,,] 20672 --- [restartedMain] o.s.cloud.context.scope.GenericScope     : BeanFactory id=6e62e72b-662a-3e68-9dc9-41e945536326
2020-10-19 10:18:38.089  INFO [users-ws,,,] 20672 --- [restartedMain] o.s.b.w.embedded.tomcat.TomcatWebServer  : Tomcat initialized with port(s): 0 (http)
2020-10-19 10:18:38.097  INFO [users-ws,,,] 20672 --- [restartedMain] o.apache.catalina.core.StandardService   : Starting service [Tomcat]
2020-10-19 10:18:38.097  INFO [users-ws,,,] 20672 --- [restartedMain] org.apache.catalina.core.StandardEngine  : Starting Servlet engine: [Apache Tomcat/9.0.37]
2020-10-19 10:18:38.388  INFO [users-ws,,,] 20672 --- [restartedMain] o.a.c.c.C.[Tomcat].[localhost].[/]       : Initializing Spring embedded WebApplicationContext
2020-10-19 10:18:38.389  INFO [users-ws,,,] 20672 --- [restartedMain] w.s.c.ServletWebServerApplicationContext : Root WebApplicationContext: initialization completed in 3112 ms
2020-10-19 10:18:39.193  WARN [users-ws,,,] 20672 --- [restartedMain] o.s.c.s.zipkin2.ZipkinAutoConfiguration  : Check result of the [RestTemplateSender{http://localhost:9411/api/v2/spans}] contains an error [CheckResult{ok=false, error=org.springframework.web.client.ResourceAccessException: I/O error on POST request for "http://localhost:9411/api/v2/spans": connect timed out; nested exception is java.net.SocketTimeoutException: connect timed out}]
2020-10-19 10:18:39.640  INFO [users-ws,,,] 20672 --- [restartedMain] o.s.s.concurrent.ThreadPoolTaskExecutor  : Initializing ExecutorService 'applicationTaskExecutor'
2020-10-19 10:18:39.813  INFO [users-ws,,,] 20672 --- [task-1] o.hibernate.jpa.internal.util.LogHelper  : HHH000204: Processing PersistenceUnitInfo [name: default]
2020-10-19 10:18:40.064  INFO [users-ws,,,] 20672 --- [task-1] org.hibernate.Version                    : HHH000412: Hibernate ORM core version 5.4.20.Final
2020-10-19 10:18:40.219  WARN [users-ws,,,] 20672 --- [restartedMain] JpaBaseConfiguration$JpaWebConfiguration : spring.jpa.open-in-view is enabled by default. Therefore, database queries may be performed during view rendering. Explicitly configure spring.jpa.open-in-view to disable this warning
2020-10-19 10:18:40.573  INFO [users-ws,,,] 20672 --- [task-1] o.hibernate.annotations.common.Version   : HCANN000001: Hibernate Commons Annotations {5.1.0.Final}
2020-10-19 10:18:40.741  INFO [users-ws,,,] 20672 --- [restartedMain] o.s.s.web.DefaultSecurityFilterChain     : Creating filter chain: any request, [org.springframework.security.web.context.request.async.WebAsyncManagerIntegrationFilter@14794d50, org.springframework.security.web.context.SecurityContextPersistenceFilter@758b2da9, org.springframework.security.web.header.HeaderWriterFilter@2852b9c, org.springframework.security.web.authentication.logout.LogoutFilter@1e1264bb, com.smrc.api.users.security.AuthenticationFilter@369d7efc, org.springframework.security.web.savedrequest.RequestCacheAwareFilter@2d3f44a5, org.springframework.security.web.servletapi.SecurityContextHolderAwareRequestFilter@6ce8e99c, org.springframework.security.web.authentication.AnonymousAuthenticationFilter@4fea7740, org.springframework.security.web.session.SessionManagementFilter@1c5e0d22, org.springframework.security.web.access.ExceptionTranslationFilter@8d6fefc, org.springframework.security.web.access.intercept.FilterSecurityInterceptor@275178a1]
2020-10-19 10:18:40.823  WARN [users-ws,,,] 20672 --- [restartedMain] c.n.c.sources.URLConfigurationSource     : No URLs will be polled as dynamic configuration sources.
2020-10-19 10:18:40.824  INFO [users-ws,,,] 20672 --- [restartedMain] c.n.c.sources.URLConfigurationSource     : To enable URLs as dynamic configuration sources, define System property archaius.configurationSource.additionalUrls or make config.properties available on classpath.
2020-10-19 10:18:40.828  WARN [users-ws,,,] 20672 --- [restartedMain] c.n.c.sources.URLConfigurationSource     : No URLs will be polled as dynamic configuration sources.
2020-10-19 10:18:40.828  INFO [users-ws,,,] 20672 --- [restartedMain] c.n.c.sources.URLConfigurationSource     : To enable URLs as dynamic configuration sources, define System property archaius.configurationSource.additionalUrls or make config.properties available on classpath.
2020-10-19 10:18:40.847  INFO [users-ws,,,] 20672 --- [task-1] com.zaxxer.hikari.HikariDataSource       : HikariPool-1 - Starting...
2020-10-19 10:18:42.055  WARN [users-ws,,,] 20672 --- [restartedMain] o.s.b.d.a.OptionalLiveReloadServer       : Unable to start LiveReload server
2020-10-19 10:18:42.207  INFO [users-ws,,,] 20672 --- [restartedMain] DiscoveryClientOptionalArgsConfiguration : Eureka HTTP Client uses Jersey
2020-10-19 10:18:42.352  WARN [users-ws,,,] 20672 --- [restartedMain] ockingLoadBalancerClientRibbonWarnLogger : You already have RibbonLoadBalancerClient on your classpath. It will be used by default. As Spring Cloud Ribbon is in maintenance mode. We recommend switching to BlockingLoadBalancerClient instead. In order to use it, set the value of `spring.cloud.loadbalancer.ribbon.enabled` to `false` or remove spring-cloud-starter-netflix-ribbon from your project.
2020-10-19 10:18:42.791  INFO [users-ws,,,] 20672 --- [restartedMain] o.s.b.w.embedded.tomcat.TomcatWebServer  : Tomcat started on port(s): 57986 (http) with context path ''
2020-10-19 10:18:42.792  INFO [users-ws,,,] 20672 --- [restartedMain] .s.c.n.e.s.EurekaAutoServiceRegistration : Updating port to 57986
2020-10-19 10:18:42.798  INFO [users-ws,,,] 20672 --- [restartedMain] o.s.c.n.eureka.InstanceInfoFactory       : Setting initial instance status as: STARTING
2020-10-19 10:18:42.828  INFO [users-ws,,,] 20672 --- [restartedMain] com.netflix.discovery.DiscoveryClient    : Initializing Eureka in region us-east-1
2020-10-19 10:18:42.909  INFO [users-ws,,,] 20672 --- [restartedMain] c.n.d.provider.DiscoveryJerseyProvider   : Using JSON encoding codec LegacyJacksonJson
2020-10-19 10:18:42.909  INFO [users-ws,,,] 20672 --- [restartedMain] c.n.d.provider.DiscoveryJerseyProvider   : Using JSON decoding codec LegacyJacksonJson
2020-10-19 10:18:43.012  INFO [users-ws,,,] 20672 --- [restartedMain] c.n.d.provider.DiscoveryJerseyProvider   : Using XML encoding codec XStreamXml
2020-10-19 10:18:43.012  INFO [users-ws,,,] 20672 --- [restartedMain] c.n.d.provider.DiscoveryJerseyProvider   : Using XML decoding codec XStreamXml
2020-10-19 10:18:43.177  INFO [users-ws,,,] 20672 --- [restartedMain] c.n.d.s.r.aws.ConfigClusterResolver      : Resolving eureka endpoints via configuration
2020-10-19 10:18:43.239  INFO [users-ws,,,] 20672 --- [restartedMain] com.netflix.discovery.DiscoveryClient    : Disable delta property : false
2020-10-19 10:18:43.239  INFO [users-ws,,,] 20672 --- [restartedMain] com.netflix.discovery.DiscoveryClient    : Single vip registry refresh property : null
2020-10-19 10:18:43.239  INFO [users-ws,,,] 20672 --- [restartedMain] com.netflix.discovery.DiscoveryClient    : Force full registry fetch : false
2020-10-19 10:18:43.239  INFO [users-ws,,,] 20672 --- [restartedMain] com.netflix.discovery.DiscoveryClient    : Application is null : false
2020-10-19 10:18:43.240  INFO [users-ws,,,] 20672 --- [restartedMain] com.netflix.discovery.DiscoveryClient    : Registered Applications size is zero : true
2020-10-19 10:18:43.240  INFO [users-ws,,,] 20672 --- [restartedMain] com.netflix.discovery.DiscoveryClient    : Application version is -1: true
2020-10-19 10:18:43.240  INFO [users-ws,,,] 20672 --- [restartedMain] com.netflix.discovery.DiscoveryClient    : Getting all instance registry info from the eureka server
2020-10-19 10:18:43.378  INFO [users-ws,,,] 20672 --- [restartedMain] com.netflix.discovery.DiscoveryClient    : The response status is 200
2020-10-19 10:18:43.380  INFO [users-ws,,,] 20672 --- [restartedMain] com.netflix.discovery.DiscoveryClient    : Starting heartbeat executor: renew interval is: 30
2020-10-19 10:18:43.382  INFO [users-ws,,,] 20672 --- [restartedMain] c.n.discovery.InstanceInfoReplicator     : InstanceInfoReplicator onDemand update allowed rate per min is 4
2020-10-19 10:18:43.385  INFO [users-ws,,,] 20672 --- [restartedMain] com.netflix.discovery.DiscoveryClient    : Discovery Client initialized at timestamp 1603082923384 with initial instances count: 1
2020-10-19 10:18:43.396  INFO [users-ws,,,] 20672 --- [restartedMain] o.s.c.n.e.s.EurekaServiceRegistry        : Registering application USERS-WS with eureka with status UP
2020-10-19 10:18:43.396  INFO [users-ws,,,] 20672 --- [restartedMain] com.netflix.discovery.DiscoveryClient    : Saw local status change event StatusChangeEvent [timestamp=1603082923396, current=UP, previous=STARTING]
2020-10-19 10:18:43.398  INFO [users-ws,,,] 20672 --- [DiscoveryClient-InstanceInfoReplicator-0] com.netflix.discovery.DiscoveryClient    : DiscoveryClient_USERS-WS/users-ws:ae46bb9b0d9684ef80e4f995d4d19bd5: registering service...
2020-10-19 10:18:43.517  INFO [users-ws,,,] 20672 --- [restartedMain] DeferredRepositoryInitializationListener : Triggering deferred initialization of Spring Data repositories…
2020-10-19 10:18:43.687  INFO [users-ws,,,] 20672 --- [DiscoveryClient-InstanceInfoReplicator-0] com.netflix.discovery.DiscoveryClient    : DiscoveryClient_USERS-WS/users-ws:ae46bb9b0d9684ef80e4f995d4d19bd5 - registration status: 204
2020-10-19 10:18:43.690  INFO [users-ws,,,] 20672 --- [task-1] com.zaxxer.hikari.HikariDataSource       : HikariPool-1 - Start completed.
2020-10-19 10:18:44.267  INFO [users-ws,,,] 20672 --- [task-1] org.hibernate.dialect.Dialect            : HHH000400: Using dialect: org.hibernate.dialect.MySQL8Dialect
2020-10-19 10:18:49.124  INFO [users-ws,,,] 20672 --- [task-1] o.h.e.t.j.p.i.JtaPlatformInitiator       : HHH000490: Using JtaPlatform implementation: [org.hibernate.engine.transaction.jta.platform.internal.NoJtaPlatform]
2020-10-19 10:18:49.156  INFO [users-ws,,,] 20672 --- [task-1] j.LocalContainerEntityManagerFactoryBean : Initialized JPA EntityManagerFactory for persistence unit 'default'
2020-10-19 10:18:49.554  INFO [users-ws,,,] 20672 --- [restartedMain] DeferredRepositoryInitializationListener : Spring Data repositories initialized!
2020-10-19 10:18:49.568  INFO [users-ws,,,] 20672 --- [restartedMain] c.s.a.users.SmrcUserServiceApplication   : Started SmrcUserServiceApplication in 15.313 seconds (JVM running for 16.663)
2020-10-19 10:20:08.964  INFO [users-ws,,,] 20672 --- [http-nio-auto-1-exec-1] o.a.c.c.C.[Tomcat].[localhost].[/]       : Initializing Spring DispatcherServlet 'dispatcherServlet'
2020-10-19 10:20:08.964  INFO [users-ws,,,] 20672 --- [http-nio-auto-1-exec-1] o.s.web.servlet.DispatcherServlet        : Initializing Servlet 'dispatcherServlet'
2020-10-19 10:20:08.977  INFO [users-ws,,,] 20672 --- [http-nio-auto-1-exec-1] o.s.web.servlet.DispatcherServlet        : Completed initialization in 13 ms
2020-10-19 10:20:15.950  WARN [users-ws,,,] 20672 --- [AsyncReporter{RestTemplateSender{http://localhost:9411/api/v2/spans}}] z.r.AsyncReporter$BoundedAsyncReporter   : Spans were dropped due to exceptions. All subsequent errors will be logged at FINE level.
2020-10-19 10:20:15.954  WARN [users-ws,,,] 20672 --- [AsyncReporter{RestTemplateSender{http://localhost:9411/api/v2/spans}}] z.r.AsyncReporter$BoundedAsyncReporter   : Dropped 1 spans due to ResourceAccessException(I/O error on POST request for "http://localhost:9411/api/v2/spans": connect timed out; nested exception is java.net.SocketTimeoutException: connect timed out)

org.springframework.web.client.ResourceAccessException: I/O error on POST request for "http://localhost:9411/api/v2/spans": connect timed out; nested exception is java.net.SocketTimeoutException: connect timed out
	at org.springframework.web.client.RestTemplate.doExecute(RestTemplate.java:748) ~[spring-web-5.2.8.RELEASE.jar:5.2.8.RELEASE]
	at org.springframework.cloud.sleuth.zipkin2.sender.ZipkinRestTemplateWrapper.doExecute(ZipkinRestTemplateSenderConfiguration.java:228) ~[spring-cloud-sleuth-zipkin-2.2.5.RELEASE.jar:2.2.5.RELEASE]
	at org.springframework.web.client.RestTemplate.exchange(RestTemplate.java:641) ~[spring-web-5.2.8.RELEASE.jar:5.2.8.RELEASE]
	at org.springframework.cloud.sleuth.zipkin2.sender.RestTemplateSender.post(RestTemplateSender.java:129) ~[spring-cloud-sleuth-zipkin-2.2.5.RELEASE.jar:2.2.5.RELEASE]
	at org.springframework.cloud.sleuth.zipkin2.sender.RestTemplateSender$HttpPostCall.doExecute(RestTemplateSender.java:147) ~[spring-cloud-sleuth-zipkin-2.2.5.RELEASE.jar:2.2.5.RELEASE]
	at org.springframework.cloud.sleuth.zipkin2.sender.RestTemplateSender$HttpPostCall.doExecute(RestTemplateSender.java:137) ~[spring-cloud-sleuth-zipkin-2.2.5.RELEASE.jar:2.2.5.RELEASE]
	at zipkin2.Call$Base.execute(Call.java:380) ~[zipkin-2.21.1.jar:na]
	at zipkin2.reporter.AsyncReporter$BoundedAsyncReporter.flush(AsyncReporter.java:299) ~[zipkin-reporter-2.15.0.jar:na]
	at zipkin2.reporter.AsyncReporter$Flusher.run(AsyncReporter.java:378) [zipkin-reporter-2.15.0.jar:na]
	at java.lang.Thread.run(Unknown Source) [na:1.8.0_92]
Caused by: java.net.SocketTimeoutException: connect timed out
	at java.net.DualStackPlainSocketImpl.waitForConnect(Native Method) ~[na:1.8.0_92]
	at java.net.DualStackPlainSocketImpl.socketConnect(Unknown Source) ~[na:1.8.0_92]
	at java.net.AbstractPlainSocketImpl.doConnect(Unknown Source) ~[na:1.8.0_92]
	at java.net.AbstractPlainSocketImpl.connectToAddress(Unknown Source) ~[na:1.8.0_92]
	at java.net.AbstractPlainSocketImpl.connect(Unknown Source) ~[na:1.8.0_92]
	at java.net.PlainSocketImpl.connect(Unknown Source) ~[na:1.8.0_92]
	at java.net.SocksSocketImpl.connect(Unknown Source) ~[na:1.8.0_92]
	at java.net.Socket.connect(Unknown Source) ~[na:1.8.0_92]
	at sun.net.NetworkClient.doConnect(Unknown Source) ~[na:1.8.0_92]
	at sun.net.www.http.HttpClient.openServer(Unknown Source) ~[na:1.8.0_92]
	at sun.net.www.http.HttpClient.openServer(Unknown Source) ~[na:1.8.0_92]
	at sun.net.www.http.HttpClient.<init>(Unknown Source) ~[na:1.8.0_92]
	at sun.net.www.http.HttpClient.New(Unknown Source) ~[na:1.8.0_92]
	at sun.net.www.http.HttpClient.New(Unknown Source) ~[na:1.8.0_92]
	at sun.net.www.protocol.http.HttpURLConnection.getNewHttpClient(Unknown Source) ~[na:1.8.0_92]
	at sun.net.www.protocol.http.HttpURLConnection.plainConnect0(Unknown Source) ~[na:1.8.0_92]
	at sun.net.www.protocol.http.HttpURLConnection.plainConnect(Unknown Source) ~[na:1.8.0_92]
	at sun.net.www.protocol.http.HttpURLConnection.connect(Unknown Source) ~[na:1.8.0_92]
	at org.springframework.http.client.SimpleBufferingClientHttpRequest.executeInternal(SimpleBufferingClientHttpRequest.java:76) ~[spring-web-5.2.8.RELEASE.jar:5.2.8.RELEASE]
	at org.springframework.http.client.AbstractBufferingClientHttpRequest.executeInternal(AbstractBufferingClientHttpRequest.java:48) ~[spring-web-5.2.8.RELEASE.jar:5.2.8.RELEASE]
	at org.springframework.http.client.AbstractClientHttpRequest.execute(AbstractClientHttpRequest.java:53) ~[spring-web-5.2.8.RELEASE.jar:5.2.8.RELEASE]
	at org.springframework.web.client.RestTemplate.doExecute(RestTemplate.java:739) ~[spring-web-5.2.8.RELEASE.jar:5.2.8.RELEASE]
	... 9 common frames omitted

2020-10-19 10:23:43.255  INFO [users-ws,,,] 20672 --- [AsyncResolver-bootstrap-executor-0] c.n.d.s.r.aws.ConfigClusterResolver      : Resolving eureka endpoints via configuration
2020-10-19 10:28:43.268  INFO [users-ws,,,] 20672 --- [AsyncResolver-bootstrap-executor-0] c.n.d.s.r.aws.ConfigClusterResolver      : Resolving eureka endpoints via configuration
2020-10-19 10:33:43.282  INFO [users-ws,,,] 20672 --- [AsyncResolver-bootstrap-executor-0] c.n.d.s.r.aws.ConfigClusterResolver      : Resolving eureka endpoints via configuration
2020-10-19 10:38:43.295  INFO [users-ws,,,] 20672 --- [AsyncResolver-bootstrap-executor-0] c.n.d.s.r.aws.ConfigClusterResolver      : Resolving eureka endpoints via configuration
2020-10-19 10:43:43.310  INFO [users-ws,,,] 20672 --- [AsyncResolver-bootstrap-executor-0] c.n.d.s.r.aws.ConfigClusterResolver      : Resolving eureka endpoints via configuration
2020-10-19 10:48:43.322  INFO [users-ws,,,] 20672 --- [AsyncResolver-bootstrap-executor-0] c.n.d.s.r.aws.ConfigClusterResolver      : Resolving eureka endpoints via configuration
2020-10-19 10:53:43.334  INFO [users-ws,,,] 20672 --- [AsyncResolver-bootstrap-executor-0] c.n.d.s.r.aws.ConfigClusterResolver      : Resolving eureka endpoints via configuration
2020-10-19 10:58:43.345  INFO [users-ws,,,] 20672 --- [AsyncResolver-bootstrap-executor-0] c.n.d.s.r.aws.ConfigClusterResolver      : Resolving eureka endpoints via configuration
2020-10-19 10:58:53.744  INFO [users-ws,6d88fdf52a08deab,1bd92a83fd7d400f,false] 20672 --- [http-nio-auto-1-exec-1] c.s.api.users.service.UserServiceImpl    : inside User Role service
2020-10-19 10:58:53.745  INFO [users-ws,6d88fdf52a08deab,1bd92a83fd7d400f,false] 20672 --- [http-nio-auto-1-exec-1] c.s.api.users.service.RoleServiceImpl    : Role Service
2020-10-19 11:03:43.359  INFO [users-ws,,,] 20672 --- [AsyncResolver-bootstrap-executor-0] c.n.d.s.r.aws.ConfigClusterResolver      : Resolving eureka endpoints via configuration
2020-10-19 11:08:43.370  INFO [users-ws,,,] 20672 --- [AsyncResolver-bootstrap-executor-0] c.n.d.s.r.aws.ConfigClusterResolver      : Resolving eureka endpoints via configuration
2020-10-19 11:13:43.381  INFO [users-ws,,,] 20672 --- [AsyncResolver-bootstrap-executor-0] c.n.d.s.r.aws.ConfigClusterResolver      : Resolving eureka endpoints via configuration
2020-10-19 11:18:43.391  INFO [users-ws,,,] 20672 --- [AsyncResolver-bootstrap-executor-0] c.n.d.s.r.aws.ConfigClusterResolver      : Resolving eureka endpoints via configuration
2020-10-19 11:23:43.402  INFO [users-ws,,,] 20672 --- [AsyncResolver-bootstrap-executor-0] c.n.d.s.r.aws.ConfigClusterResolver      : Resolving eureka endpoints via configuration
2020-10-19 11:28:43.414  INFO [users-ws,,,] 20672 --- [AsyncResolver-bootstrap-executor-0] c.n.d.s.r.aws.ConfigClusterResolver      : Resolving eureka endpoints via configuration
2020-10-19 11:33:43.426  INFO [users-ws,,,] 20672 --- [AsyncResolver-bootstrap-executor-0] c.n.d.s.r.aws.ConfigClusterResolver      : Resolving eureka endpoints via configuration
2020-10-19 11:38:43.437  INFO [users-ws,,,] 20672 --- [AsyncResolver-bootstrap-executor-0] c.n.d.s.r.aws.ConfigClusterResolver      : Resolving eureka endpoints via configuration
2020-10-19 11:43:43.484  INFO [users-ws,,,] 20672 --- [AsyncResolver-bootstrap-executor-0] c.n.d.s.r.aws.ConfigClusterResolver      : Resolving eureka endpoints via configuration
2020-10-19 11:48:43.500  INFO [users-ws,,,] 20672 --- [AsyncResolver-bootstrap-executor-0] c.n.d.s.r.aws.ConfigClusterResolver      : Resolving eureka endpoints via configuration
2020-10-19 11:53:43.513  INFO [users-ws,,,] 20672 --- [AsyncResolver-bootstrap-executor-0] c.n.d.s.r.aws.ConfigClusterResolver      : Resolving eureka endpoints via configuration
2020-10-19 11:58:43.526  INFO [users-ws,,,] 20672 --- [AsyncResolver-bootstrap-executor-0] c.n.d.s.r.aws.ConfigClusterResolver      : Resolving eureka endpoints via configuration
2020-10-19 12:03:43.539  INFO [users-ws,,,] 20672 --- [AsyncResolver-bootstrap-executor-0] c.n.d.s.r.aws.ConfigClusterResolver      : Resolving eureka endpoints via configuration
2020-10-19 12:08:43.552  INFO [users-ws,,,] 20672 --- [AsyncResolver-bootstrap-executor-0] c.n.d.s.r.aws.ConfigClusterResolver      : Resolving eureka endpoints via configuration
2020-10-19 12:13:43.565  INFO [users-ws,,,] 20672 --- [AsyncResolver-bootstrap-executor-0] c.n.d.s.r.aws.ConfigClusterResolver      : Resolving eureka endpoints via configuration
2020-10-19 12:18:43.578  INFO [users-ws,,,] 20672 --- [AsyncResolver-bootstrap-executor-0] c.n.d.s.r.aws.ConfigClusterResolver      : Resolving eureka endpoints via configuration
2020-10-19 12:23:43.592  INFO [users-ws,,,] 20672 --- [AsyncResolver-bootstrap-executor-0] c.n.d.s.r.aws.ConfigClusterResolver      : Resolving eureka endpoints via configuration
2020-10-19 12:28:43.605  INFO [users-ws,,,] 20672 --- [AsyncResolver-bootstrap-executor-0] c.n.d.s.r.aws.ConfigClusterResolver      : Resolving eureka endpoints via configuration
2020-10-19 12:33:43.618  INFO [users-ws,,,] 20672 --- [AsyncResolver-bootstrap-executor-0] c.n.d.s.r.aws.ConfigClusterResolver      : Resolving eureka endpoints via configuration
2020-10-19 12:38:43.645  INFO [users-ws,,,] 20672 --- [AsyncResolver-bootstrap-executor-0] c.n.d.s.r.aws.ConfigClusterResolver      : Resolving eureka endpoints via configuration
2020-10-19 12:43:43.656  INFO [users-ws,,,] 20672 --- [AsyncResolver-bootstrap-executor-0] c.n.d.s.r.aws.ConfigClusterResolver      : Resolving eureka endpoints via configuration
2020-10-19 12:48:43.670  INFO [users-ws,,,] 20672 --- [AsyncResolver-bootstrap-executor-0] c.n.d.s.r.aws.ConfigClusterResolver      : Resolving eureka endpoints via configuration
2020-10-19 12:53:43.683  INFO [users-ws,,,] 20672 --- [AsyncResolver-bootstrap-executor-0] c.n.d.s.r.aws.ConfigClusterResolver      : Resolving eureka endpoints via configuration
2020-10-19 12:58:43.697  INFO [users-ws,,,] 20672 --- [AsyncResolver-bootstrap-executor-0] c.n.d.s.r.aws.ConfigClusterResolver      : Resolving eureka endpoints via configuration
2020-10-19 13:03:43.710  INFO [users-ws,,,] 20672 --- [AsyncResolver-bootstrap-executor-0] c.n.d.s.r.aws.ConfigClusterResolver      : Resolving eureka endpoints via configuration
2020-10-19 13:08:43.722  INFO [users-ws,,,] 20672 --- [AsyncResolver-bootstrap-executor-0] c.n.d.s.r.aws.ConfigClusterResolver      : Resolving eureka endpoints via configuration
2020-10-19 13:13:43.735  INFO [users-ws,,,] 20672 --- [AsyncResolver-bootstrap-executor-0] c.n.d.s.r.aws.ConfigClusterResolver      : Resolving eureka endpoints via configuration
2020-10-19 13:18:43.748  INFO [users-ws,,,] 20672 --- [AsyncResolver-bootstrap-executor-0] c.n.d.s.r.aws.ConfigClusterResolver      : Resolving eureka endpoints via configuration
2020-10-19 13:23:43.773  INFO [users-ws,,,] 20672 --- [AsyncResolver-bootstrap-executor-0] c.n.d.s.r.aws.ConfigClusterResolver      : Resolving eureka endpoints via configuration
2020-10-19 13:28:43.798  INFO [users-ws,,,] 20672 --- [AsyncResolver-bootstrap-executor-0] c.n.d.s.r.aws.ConfigClusterResolver      : Resolving eureka endpoints via configuration
2020-10-19 13:33:43.825  INFO [users-ws,,,] 20672 --- [AsyncResolver-bootstrap-executor-0] c.n.d.s.r.aws.ConfigClusterResolver      : Resolving eureka endpoints via configuration
2020-10-19 13:38:43.838  INFO [users-ws,,,] 20672 --- [AsyncResolver-bootstrap-executor-0] c.n.d.s.r.aws.ConfigClusterResolver      : Resolving eureka endpoints via configuration
2020-10-19 13:43:43.851  INFO [users-ws,,,] 20672 --- [AsyncResolver-bootstrap-executor-0] c.n.d.s.r.aws.ConfigClusterResolver      : Resolving eureka endpoints via configuration
2020-10-19 13:48:43.864  INFO [users-ws,,,] 20672 --- [AsyncResolver-bootstrap-executor-0] c.n.d.s.r.aws.ConfigClusterResolver      : Resolving eureka endpoints via configuration
2020-10-19 13:53:43.877  INFO [users-ws,,,] 20672 --- [AsyncResolver-bootstrap-executor-0] c.n.d.s.r.aws.ConfigClusterResolver      : Resolving eureka endpoints via configuration
2020-10-19 13:58:43.889  INFO [users-ws,,,] 20672 --- [AsyncResolver-bootstrap-executor-0] c.n.d.s.r.aws.ConfigClusterResolver      : Resolving eureka endpoints via configuration
2020-10-19 14:03:43.902  INFO [users-ws,,,] 20672 --- [AsyncResolver-bootstrap-executor-0] c.n.d.s.r.aws.ConfigClusterResolver      : Resolving eureka endpoints via configuration
2020-10-19 14:08:43.915  INFO [users-ws,,,] 20672 --- [AsyncResolver-bootstrap-executor-0] c.n.d.s.r.aws.ConfigClusterResolver      : Resolving eureka endpoints via configuration
2020-10-19 14:13:43.928  INFO [users-ws,,,] 20672 --- [AsyncResolver-bootstrap-executor-0] c.n.d.s.r.aws.ConfigClusterResolver      : Resolving eureka endpoints via configuration
2020-10-19 14:18:43.940  INFO [users-ws,,,] 20672 --- [AsyncResolver-bootstrap-executor-0] c.n.d.s.r.aws.ConfigClusterResolver      : Resolving eureka endpoints via configuration
2020-10-19 14:23:43.951  INFO [users-ws,,,] 20672 --- [AsyncResolver-bootstrap-executor-0] c.n.d.s.r.aws.ConfigClusterResolver      : Resolving eureka endpoints via configuration
2020-10-19 14:28:43.964  INFO [users-ws,,,] 20672 --- [AsyncResolver-bootstrap-executor-0] c.n.d.s.r.aws.ConfigClusterResolver      : Resolving eureka endpoints via configuration
2020-10-19 14:33:43.977  INFO [users-ws,,,] 20672 --- [AsyncResolver-bootstrap-executor-0] c.n.d.s.r.aws.ConfigClusterResolver      : Resolving eureka endpoints via configuration
2020-10-19 14:38:43.991  INFO [users-ws,,,] 20672 --- [AsyncResolver-bootstrap-executor-0] c.n.d.s.r.aws.ConfigClusterResolver      : Resolving eureka endpoints via configuration
2020-10-19 14:43:44.004  INFO [users-ws,,,] 20672 --- [AsyncResolver-bootstrap-executor-0] c.n.d.s.r.aws.ConfigClusterResolver      : Resolving eureka endpoints via configuration
2020-10-19 14:48:44.016  INFO [users-ws,,,] 20672 --- [AsyncResolver-bootstrap-executor-0] c.n.d.s.r.aws.ConfigClusterResolver      : Resolving eureka endpoints via configuration
2020-10-19 14:53:44.030  INFO [users-ws,,,] 20672 --- [AsyncResolver-bootstrap-executor-0] c.n.d.s.r.aws.ConfigClusterResolver      : Resolving eureka endpoints via configuration
2020-10-19 14:58:44.042  INFO [users-ws,,,] 20672 --- [AsyncResolver-bootstrap-executor-0] c.n.d.s.r.aws.ConfigClusterResolver      : Resolving eureka endpoints via configuration
2020-10-19 15:03:44.055  INFO [users-ws,,,] 20672 --- [AsyncResolver-bootstrap-executor-0] c.n.d.s.r.aws.ConfigClusterResolver      : Resolving eureka endpoints via configuration
2020-10-19 15:08:44.067  INFO [users-ws,,,] 20672 --- [AsyncResolver-bootstrap-executor-0] c.n.d.s.r.aws.ConfigClusterResolver      : Resolving eureka endpoints via configuration
2020-10-19 15:13:44.080  INFO [users-ws,,,] 20672 --- [AsyncResolver-bootstrap-executor-0] c.n.d.s.r.aws.ConfigClusterResolver      : Resolving eureka endpoints via configuration
2020-10-19 15:17:02.098  INFO [users-ws,,,] 20672 --- [RMI TCP Connection(302)-127.0.0.1] inMXBeanRegistrar$SpringApplicationAdmin : Application shutdown requested.
2020-10-19 15:17:02.941  INFO [users-ws,,,] 20672 --- [RMI TCP Connection(302)-127.0.0.1] o.s.c.n.e.s.EurekaServiceRegistry        : Unregistering application USERS-WS with eureka with status DOWN
2020-10-19 15:17:02.967  WARN [users-ws,,,] 20672 --- [RMI TCP Connection(302)-127.0.0.1] com.netflix.discovery.DiscoveryClient    : Saw local status change event StatusChangeEvent [timestamp=1603100822966, current=DOWN, previous=UP]
2020-10-19 15:17:02.976  INFO [users-ws,,,] 20672 --- [DiscoveryClient-InstanceInfoReplicator-0] com.netflix.discovery.DiscoveryClient    : DiscoveryClient_USERS-WS/users-ws:ae46bb9b0d9684ef80e4f995d4d19bd5: registering service...
2020-10-19 15:17:03.603  INFO [users-ws,,,] 20672 --- [DiscoveryClient-InstanceInfoReplicator-0] com.netflix.discovery.DiscoveryClient    : DiscoveryClient_USERS-WS/users-ws:ae46bb9b0d9684ef80e4f995d4d19bd5 - registration status: 204
2020-10-19 15:17:05.118  INFO [users-ws,,,] 20672 --- [RMI TCP Connection(302)-127.0.0.1] o.apache.catalina.core.StandardService   : Stopping service [Tomcat]
2020-10-19 15:17:05.510  INFO [users-ws,,,] 20672 --- [RMI TCP Connection(302)-127.0.0.1] o.a.c.c.C.[Tomcat].[localhost].[/]       : Destroying Spring FrameworkServlet 'dispatcherServlet'
2020-10-19 15:17:06.224  WARN [users-ws,,,] 20672 --- [RMI TCP Connection(302)-127.0.0.1] o.a.c.loader.WebappClassLoaderBase       : The web application [ROOT] appears to have started a thread named [AsyncReporter{RestTemplateSender{http://localhost:9411/api/v2/spans}}] but has failed to stop it. This is very likely to create a memory leak. Stack trace of thread:
 sun.misc.Unsafe.park(Native Method)
 java.util.concurrent.locks.LockSupport.parkNanos(Unknown Source)
 java.util.concurrent.locks.AbstractQueuedSynchronizer$ConditionObject.awaitNanos(Unknown Source)
 zipkin2.reporter.ByteBoundedQueue.drainTo(ByteBoundedQueue.java:81)
 zipkin2.reporter.AsyncReporter$BoundedAsyncReporter.flush(AsyncReporter.java:270)
 zipkin2.reporter.AsyncReporter$Flusher.run(AsyncReporter.java:378)
 java.lang.Thread.run(Unknown Source)
2020-10-19 15:17:07.935  INFO [users-ws,,,] 20672 --- [RMI TCP Connection(302)-127.0.0.1] j.LocalContainerEntityManagerFactoryBean : Closing JPA EntityManagerFactory for persistence unit 'default'
2020-10-19 15:17:08.915  INFO [users-ws,,,] 20672 --- [RMI TCP Connection(302)-127.0.0.1] o.s.s.concurrent.ThreadPoolTaskExecutor  : Shutting down ExecutorService 'applicationTaskExecutor'
2020-10-19 15:17:09.254  INFO [users-ws,,,] 20672 --- [RMI TCP Connection(302)-127.0.0.1] com.zaxxer.hikari.HikariDataSource       : HikariPool-1 - Shutdown initiated...
2020-10-19 15:17:09.579  INFO [users-ws,,,] 20672 --- [RMI TCP Connection(302)-127.0.0.1] com.zaxxer.hikari.HikariDataSource       : HikariPool-1 - Shutdown completed.
